Performing C SOURCE FILE Test CMAKE_HAVE_LIBC_PTHREAD failed with the following output:
Change Dir: /home/csmajs/kwidj001/lab-08---visitor-pattern-agonz401-kwidj001-3/CMakeFiles/CMakeTmp

Run Build Command(s):/opt/rh/devtoolset-6/root/usr/bin/gmake cmTC_236ad/fast && /opt/rh/devtoolset-6/root/usr/bin/gmake  -f CMakeFiles/cmTC_236ad.dir/build.make CMakeFiles/cmTC_236ad.dir/build
gmake[1]: Entering directory '/home/csmajs/kwidj001/lab-08---visitor-pattern-agonz401-kwidj001-3/CMakeFiles/CMakeTmp'
Building C object CMakeFiles/cmTC_236ad.dir/src.c.o
/opt/rh/devtoolset-6/root/usr/bin/cc   -DCMAKE_HAVE_LIBC_PTHREAD   -o CMakeFiles/cmTC_236ad.dir/src.c.o   -c /home/csmajs/kwidj001/lab-08---visitor-pattern-agonz401-kwidj001-3/CMakeFiles/CMakeTmp/src.c
Linking C executable cmTC_236ad
/usr/bin/cmake3 -E cmake_link_script CMakeFiles/cmTC_236ad.dir/link.txt --verbose=1
/opt/rh/devtoolset-6/root/usr/bin/cc  -DCMAKE_HAVE_LIBC_PTHREAD    -rdynamic CMakeFiles/cmTC_236ad.dir/src.c.o  -o cmTC_236ad 
CMakeFiles/cmTC_236ad.dir/src.c.o: In function `main':
src.c:(.text+0x2d): undefined reference to `pthread_create'
src.c:(.text+0x39): undefined reference to `pthread_detach'
src.c:(.text+0x45): undefined reference to `pthread_cancel'
src.c:(.text+0x56): undefined reference to `pthread_join'
src.c:(.text+0x6a): undefined reference to `pthread_atfork'
collect2: error: ld returned 1 exit status
CMakeFiles/cmTC_236ad.dir/build.make:106: recipe for target 'cmTC_236ad' failed
gmake[1]: *** [cmTC_236ad] Error 1
gmake[1]: Leaving directory '/home/csmajs/kwidj001/lab-08---visitor-pattern-agonz401-kwidj001-3/CMakeFiles/CMakeTmp'
Makefile:141: recipe for target 'cmTC_236ad/fast' failed
gmake: *** [cmTC_236ad/fast] Error 2


Source file was:
#include <pthread.h>

void* test_func(void* data)
{
  return data;
}

int main(void)
{
  pthread_t thread;
  pthread_create(&thread, NULL, test_func, NULL);
  pthread_detach(thread);
  pthread_cancel(thread);
  pthread_join(thread, NULL);
  pthread_atfork(NULL, NULL, NULL);
  pthread_exit(NULL);

  return 0;
}

Determining if the function pthread_create exists in the pthreads failed with the following output:
Change Dir: /home/csmajs/kwidj001/lab-08---visitor-pattern-agonz401-kwidj001-3/CMakeFiles/CMakeTmp

Run Build Command(s):/opt/rh/devtoolset-6/root/usr/bin/gmake cmTC_52cba/fast && /opt/rh/devtoolset-6/root/usr/bin/gmake  -f CMakeFiles/cmTC_52cba.dir/build.make CMakeFiles/cmTC_52cba.dir/build
gmake[1]: Entering directory '/home/csmajs/kwidj001/lab-08---visitor-pattern-agonz401-kwidj001-3/CMakeFiles/CMakeTmp'
Building C object CMakeFiles/cmTC_52cba.dir/CheckFunctionExists.c.o
/opt/rh/devtoolset-6/root/usr/bin/cc   -DCHECK_FUNCTION_EXISTS=pthread_create   -o CMakeFiles/cmTC_52cba.dir/CheckFunctionExists.c.o   -c /usr/share/cmake3/Modules/CheckFunctionExists.c
Linking C executable cmTC_52cba
/usr/bin/cmake3 -E cmake_link_script CMakeFiles/cmTC_52cba.dir/link.txt --verbose=1
/opt/rh/devtoolset-6/root/usr/bin/cc  -DCHECK_FUNCTION_EXISTS=pthread_create    -rdynamic CMakeFiles/cmTC_52cba.dir/CheckFunctionExists.c.o  -o cmTC_52cba  -lpthreads 
/opt/rh/devtoolset-6/root/usr/libexec/gcc/x86_64-redhat-linux/6.3.1/ld: cannot find -lpthreads
collect2: error: ld returned 1 exit status
CMakeFiles/cmTC_52cba.dir/build.make:106: recipe for target 'cmTC_52cba' failed
gmake[1]: *** [cmTC_52cba] Error 1
gmake[1]: Leaving directory '/home/csmajs/kwidj001/lab-08---visitor-pattern-agonz401-kwidj001-3/CMakeFiles/CMakeTmp'
Makefile:141: recipe for target 'cmTC_52cba/fast' failed
gmake: *** [cmTC_52cba/fast] Error 2



